0 info it worked if it ends with ok
1 verbose cli [ '/Users/Sanofrank/.nvm/versions/node/v6.9.2/bin/node',
1 verbose cli   '/Users/Sanofrank/.nvm/versions/node/v6.9.2/bin/npm',
1 verbose cli   'start' ]
2 info using npm@3.10.9
3 info using node@v6.9.2
4 verbose run-script [ 'prestart', 'start', 'poststart' ]
5 info lifecycle pagedjs@0.1.34~prestart: pagedjs@0.1.34
6 silly lifecycle pagedjs@0.1.34~prestart: no script for prestart, continuing
7 info lifecycle pagedjs@0.1.34~start: pagedjs@0.1.34
8 verbose lifecycle pagedjs@0.1.34~start: unsafe-perm in lifecycle true
9 verbose lifecycle pagedjs@0.1.34~start: PATH: /Users/Sanofrank/.nvm/versions/node/v6.9.2/lib/node_modules/npm/bin/node-gyp-bin:/Users/Sanofrank/Documents/Tesi Magistrale/ExampleFitting/node_modules/.bin:/Users/Sanofrank/Downloads/google-cloud-sdk/bin:/Users/Sanofrank/.nvm/versions/node/v6.9.2/bin:/Library/Frameworks/Python.framework/Versions/3.6/bin:/usr/local/bin:/usr/bin:/bin:/usr/sbin:/sbin:/Library/TeX/texbin:/opt/X11/bin:/usr/local/git/bin
10 verbose lifecycle pagedjs@0.1.34~start: CWD: /Users/Sanofrank/Documents/Tesi Magistrale/ExampleFitting
11 silly lifecycle pagedjs@0.1.34~start: Args: [ '-c', 'rollup -w -c rollup.server.config.js' ]
12 silly lifecycle pagedjs@0.1.34~start: Returned: code: 1  signal: null
13 info lifecycle pagedjs@0.1.34~start: Failed to exec start script
14 verbose stack Error: pagedjs@0.1.34 start: `rollup -w -c rollup.server.config.js`
14 verbose stack Exit status 1
14 verbose stack     at EventEmitter.<anonymous> (/Users/Sanofrank/.nvm/versions/node/v6.9.2/lib/node_modules/npm/lib/utils/lifecycle.js:255:16)
14 verbose stack     at emitTwo (events.js:106:13)
14 verbose stack     at EventEmitter.emit (events.js:191:7)
14 verbose stack     at ChildProcess.<anonymous> (/Users/Sanofrank/.nvm/versions/node/v6.9.2/lib/node_modules/npm/lib/utils/spawn.js:40:14)
14 verbose stack     at emitTwo (events.js:106:13)
14 verbose stack     at ChildProcess.emit (events.js:191:7)
14 verbose stack     at maybeClose (internal/child_process.js:877:16)
14 verbose stack     at Process.ChildProcess._handle.onexit (internal/child_process.js:226:5)
15 verbose pkgid pagedjs@0.1.34
16 verbose cwd /Users/Sanofrank/Documents/Tesi Magistrale/ExampleFitting
17 error Darwin 18.0.0
18 error argv "/Users/Sanofrank/.nvm/versions/node/v6.9.2/bin/node" "/Users/Sanofrank/.nvm/versions/node/v6.9.2/bin/npm" "start"
19 error node v6.9.2
20 error npm  v3.10.9
21 error code ELIFECYCLE
22 error pagedjs@0.1.34 start: `rollup -w -c rollup.server.config.js`
22 error Exit status 1
23 error Failed at the pagedjs@0.1.34 start script 'rollup -w -c rollup.server.config.js'.
23 error Make sure you have the latest version of node.js and npm installed.
23 error If you do, this is most likely a problem with the pagedjs package,
23 error not with npm itself.
23 error Tell the author that this fails on your system:
23 error     rollup -w -c rollup.server.config.js
23 error You can get information on how to open an issue for this project with:
23 error     npm bugs pagedjs
23 error Or if that isn't available, you can get their info via:
23 error     npm owner ls pagedjs
23 error There is likely additional logging output above.
24 verbose exit [ 1, true ]
